[debug] [2024-02-20T11:13:13.288Z] ----------------------------------------------------------------------
[debug] [2024-02-20T11:13:13.291Z] Command:       C:\Program Files\nodejs\node.exe C:\Users\Acer\AppData\Roaming\npm\node_modules\firebase-tools\lib\bin\firebase.js init
[debug] [2024-02-20T11:13:13.292Z] CLI Version:   13.3.0
[debug] [2024-02-20T11:13:13.292Z] Platform:      win32
[debug] [2024-02-20T11:13:13.292Z] Node Version:  v21.6.1
[debug] [2024-02-20T11:13:13.292Z] Time:          Tue Feb 20 2024 16:43:13 GMT+0530 (India Standard Time)
[debug] [2024-02-20T11:13:13.292Z] ----------------------------------------------------------------------
[debug] 
[debug] [2024-02-20T11:13:13.301Z] > command requires scopes: ["email","openid","https://www.googleapis.com/auth/cloudplatformprojects.readonly","https://www.googleapis.com/auth/firebase","https://www.googleapis.com/auth/cloud-platform"]
[debug] [2024-02-20T11:13:13.302Z] > authorizing via signed-in user (dineshck75@gmail.com)
[info] 
     ######## #### ########  ######## ########     ###     ######  ########
     ##        ##  ##     ## ##       ##     ##  ##   ##  ##       ##
     ######    ##  ########  ######   ########  #########  ######  ######
     ##        ##  ##    ##  ##       ##     ## ##     ##       ## ##
     ##       #### ##     ## ######## ########  ##     ##  ######  ########

You're about to initialize a Firebase project in this directory:

  E:\Dinesh\Clever Programmer\airbnb

[debug] [2024-02-20T11:14:17.100Z] ----------------------------------------------------------------------
[debug] [2024-02-20T11:14:17.102Z] Command:       C:\Program Files\nodejs\node.exe C:\Users\Acer\AppData\Roaming\npm\node_modules\firebase-tools\lib\bin\firebase.js init
[debug] [2024-02-20T11:14:17.103Z] CLI Version:   13.3.0
[debug] [2024-02-20T11:14:17.103Z] Platform:      win32
[debug] [2024-02-20T11:14:17.103Z] Node Version:  v21.6.1
[debug] [2024-02-20T11:14:17.103Z] Time:          Tue Feb 20 2024 16:44:17 GMT+0530 (India Standard Time)
[debug] [2024-02-20T11:14:17.103Z] ----------------------------------------------------------------------
[debug] 
[debug] [2024-02-20T11:14:17.110Z] > command requires scopes: ["email","openid","https://www.googleapis.com/auth/cloudplatformprojects.readonly","https://www.googleapis.com/auth/firebase","https://www.googleapis.com/auth/cloud-platform"]
[debug] [2024-02-20T11:14:17.111Z] > authorizing via signed-in user (dineshck75@gmail.com)
[info] 
     ######## #### ########  ######## ########     ###     ######  ########
     ##        ##  ##     ## ##       ##     ##  ##   ##  ##       ##
     ######    ##  ########  ######   ########  #########  ######  ######
     ##        ##  ##    ##  ##       ##     ## ##     ##       ## ##
     ##       #### ##     ## ######## ########  ##     ##  ######  ########

You're about to initialize a Firebase project in this directory:

  E:\Dinesh\Clever Programmer\airbnb

